E:\Visual Studio c++\Visual Studio main\MSBuild\Microsoft\VC\v160\Microsoft.CppBuild.targets(477,5): warning MSB8004: Output Directory does not end with a trailing slash.  This build instance will add the slash as it is required to allow proper evaluation of the Output Directory.
  Airframe.cpp
C:\Users\User\Saved Games\DCS\Mods\aircraft\YF104G_EFM\ExternalFMTemplate\ED_FM_Template\Table.h(25,20): warning C4244: '=': conversion from 'double' to 'int', possible loss of data
C:\Users\User\Saved Games\DCS\Mods\aircraft\YF104G_EFM\ExternalFMTemplate\ED_FM_Template\Table.h(36,13): warning C4244: 'initializing': conversion from 'double' to 'int', possible loss of data
C:\Users\User\Saved Games\DCS\Mods\aircraft\YF104G_EFM\ExternalFMTemplate\ED_FM_Template\Table.h(37,13): warning C4244: 'initializing': conversion from 'double' to 'int', possible loss of data
C:\Users\User\Saved Games\DCS\Mods\aircraft\YF104G_EFM\ExternalFMTemplate\ED_FM_Template\Table.h(70,20): warning C4244: '=': conversion from 'double' to 'int', possible loss of data
C:\Users\User\Saved Games\DCS\Mods\aircraft\YF104G_EFM\ExternalFMTemplate\ED_FM_Template\Table.h(81,13): warning C4244: 'initializing': conversion from 'double' to 'int', possible loss of data
C:\Users\User\Saved Games\DCS\Mods\aircraft\YF104G_EFM\ExternalFMTemplate\ED_FM_Template\Table.h(82,13): warning C4244: 'initializing': conversion from 'double' to 'int', possible loss of data
  ED_FM_Template.cpp
C:\Users\User\Saved Games\DCS\Mods\aircraft\YF104G_EFM\ExternalFMTemplate\ED_FM_Template\Table.h(25,20): warning C4244: '=': conversion from 'double' to 'int', possible loss of data
C:\Users\User\Saved Games\DCS\Mods\aircraft\YF104G_EFM\ExternalFMTemplate\ED_FM_Template\Table.h(36,13): warning C4244: 'initializing': conversion from 'double' to 'int', possible loss of data
C:\Users\User\Saved Games\DCS\Mods\aircraft\YF104G_EFM\ExternalFMTemplate\ED_FM_Template\Table.h(37,13): warning C4244: 'initializing': conversion from 'double' to 'int', possible loss of data
C:\Users\User\Saved Games\DCS\Mods\aircraft\YF104G_EFM\ExternalFMTemplate\ED_FM_Template\Table.h(70,20): warning C4244: '=': conversion from 'double' to 'int', possible loss of data
C:\Users\User\Saved Games\DCS\Mods\aircraft\YF104G_EFM\ExternalFMTemplate\ED_FM_Template\Table.h(81,13): warning C4244: 'initializing': conversion from 'double' to 'int', possible loss of data
C:\Users\User\Saved Games\DCS\Mods\aircraft\YF104G_EFM\ExternalFMTemplate\ED_FM_Template\Table.h(82,13): warning C4244: 'initializing': conversion from 'double' to 'int', possible loss of data
C:\Users\User\Saved Games\DCS\Mods\aircraft\YF104G_EFM\ExternalFMTemplate\ED_FM_Template\ED_FM_Template.cpp(370,10): warning C4476: 'printf' : unknown type field character ' ' in format specifier
C:\Users\User\Saved Games\DCS\Mods\aircraft\YF104G_EFM\ExternalFMTemplate\ED_FM_Template\ED_FM_Template.cpp(370,40): warning C4474: 'printf' : too many arguments passed for format string
C:\Users\User\Saved Games\DCS\Mods\aircraft\YF104G_EFM\ExternalFMTemplate\ED_FM_Template\ED_FM_Template.cpp(370,40): message : placeholders and their parameters expect 1 variadic arguments, but 2 were provided
C:\Users\User\Saved Games\DCS\Mods\aircraft\YF104G_EFM\ExternalFMTemplate\ED_FM_Template\ED_FM_Template.cpp(469,19): warning C4244: '=': conversion from 'double' to 'float', possible loss of data
C:\Users\User\Saved Games\DCS\Mods\aircraft\YF104G_EFM\ExternalFMTemplate\ED_FM_Template\ED_FM_Template.cpp(470,40): warning C4244: '=': conversion from 'double' to 'float', possible loss of data
C:\Users\User\Saved Games\DCS\Mods\aircraft\YF104G_EFM\ExternalFMTemplate\ED_FM_Template\ED_FM_Template.cpp(471,43): warning C4244: '=': conversion from 'double' to 'float', possible loss of data
C:\Users\User\Saved Games\DCS\Mods\aircraft\YF104G_EFM\ExternalFMTemplate\ED_FM_Template\ED_FM_Template.cpp(473,19): warning C4244: '=': conversion from 'double' to 'float', possible loss of data
C:\Users\User\Saved Games\DCS\Mods\aircraft\YF104G_EFM\ExternalFMTemplate\ED_FM_Template\ED_FM_Template.cpp(474,45): warning C4244: '=': conversion from 'double' to 'float', possible loss of data
C:\Users\User\Saved Games\DCS\Mods\aircraft\YF104G_EFM\ExternalFMTemplate\ED_FM_Template\ED_FM_Template.cpp(475,46): warning C4244: '=': conversion from 'double' to 'float', possible loss of data
C:\Users\User\Saved Games\DCS\Mods\aircraft\YF104G_EFM\ExternalFMTemplate\ED_FM_Template\ED_FM_Template.cpp(476,52): warning C4244: '=': conversion from 'double' to 'float', possible loss of data
C:\Users\User\Saved Games\DCS\Mods\aircraft\YF104G_EFM\ExternalFMTemplate\ED_FM_Template\ED_FM_Template.cpp(477,52): warning C4244: '=': conversion from 'double' to 'float', possible loss of data
C:\Users\User\Saved Games\DCS\Mods\aircraft\YF104G_EFM\ExternalFMTemplate\ED_FM_Template\ED_FM_Template.cpp(478,45): warning C4244: '=': conversion from 'double' to 'float', possible loss of data
C:\Users\User\Saved Games\DCS\Mods\aircraft\YF104G_EFM\ExternalFMTemplate\ED_FM_Template\ED_FM_Template.cpp(479,45): warning C4244: '=': conversion from 'double' to 'float', possible loss of data
C:\Users\User\Saved Games\DCS\Mods\aircraft\YF104G_EFM\ExternalFMTemplate\ED_FM_Template\ED_FM_Template.cpp(480,45): warning C4244: '=': conversion from 'double' to 'float', possible loss of data
C:\Users\User\Saved Games\DCS\Mods\aircraft\YF104G_EFM\ExternalFMTemplate\ED_FM_Template\ED_FM_Template.cpp(481,45): warning C4244: '=': conversion from 'double' to 'float', possible loss of data
C:\Users\User\Saved Games\DCS\Mods\aircraft\YF104G_EFM\ExternalFMTemplate\ED_FM_Template\ED_FM_Template.cpp(482,40): warning C4244: '=': conversion from 'double' to 'float', possible loss of data
C:\Users\User\Saved Games\DCS\Mods\aircraft\YF104G_EFM\ExternalFMTemplate\ED_FM_Template\ED_FM_Template.cpp(483,47): warning C4244: '=': conversion from 'double' to 'float', possible loss of data
C:\Users\User\Saved Games\DCS\Mods\aircraft\YF104G_EFM\ExternalFMTemplate\ED_FM_Template\ED_FM_Template.cpp(484,46): warning C4244: '=': conversion from 'double' to 'float', possible loss of data
C:\Users\User\Saved Games\DCS\Mods\aircraft\YF104G_EFM\ExternalFMTemplate\ED_FM_Template\ED_FM_Template.cpp(485,46): warning C4244: '=': conversion from 'double' to 'float', possible loss of data
  FlightModel.cpp
C:\Users\User\Saved Games\DCS\Mods\aircraft\YF104G_EFM\ExternalFMTemplate\ED_FM_Template\Table.h(25,20): warning C4244: '=': conversion from 'double' to 'int', possible loss of data
C:\Users\User\Saved Games\DCS\Mods\aircraft\YF104G_EFM\ExternalFMTemplate\ED_FM_Template\Table.h(36,13): warning C4244: 'initializing': conversion from 'double' to 'int', possible loss of data
C:\Users\User\Saved Games\DCS\Mods\aircraft\YF104G_EFM\ExternalFMTemplate\ED_FM_Template\Table.h(37,13): warning C4244: 'initializing': conversion from 'double' to 'int', possible loss of data
C:\Users\User\Saved Games\DCS\Mods\aircraft\YF104G_EFM\ExternalFMTemplate\ED_FM_Template\Table.h(70,20): warning C4244: '=': conversion from 'double' to 'int', possible loss of data
C:\Users\User\Saved Games\DCS\Mods\aircraft\YF104G_EFM\ExternalFMTemplate\ED_FM_Template\Table.h(81,13): warning C4244: 'initializing': conversion from 'double' to 'int', possible loss of data
C:\Users\User\Saved Games\DCS\Mods\aircraft\YF104G_EFM\ExternalFMTemplate\ED_FM_Template\Table.h(82,13): warning C4244: 'initializing': conversion from 'double' to 'int', possible loss of data
     Creating library ..\..\bin\YF104G.lib and object ..\..\bin\YF104G.exp
  Generating code
  43 of 185 functions (23.2%) were compiled, the rest were copied from previous compilation.
    1 functions were new in current compilation
    0 functions had inline decision re-evaluated but remain unchanged
  Finished generating code
  ED_FM_Template.vcxproj -> C:\Users\User\Saved Games\DCS\Mods\aircraft\YF104G_EFM\bin\YF104G.dll
